<?xml version="1.0" encoding="UTF-8"?>
<coverage generated="1625062735847" clover="3.2.0">
  <project timestamp="1625062735847" name="All files">
    <metrics statements="18" coveredstatements="18" conditionals="2" coveredconditionals="2" methods="10" coveredmethods="10" elements="30" coveredelements="30" complexity="0" loc="18" ncloc="18" packages="1" files="2" classes="2"/>
    <file name="todoFilter.js" path="/Users/yagnesh/Documents/projects/ratik_react_training/src/todoFilter.js">
      <metrics statements="9" coveredstatements="9" conditionals="0" coveredconditionals="0" methods="5" coveredmethods="5"/>
      <line num="4" count="1" type="stmt"/>
      <line num="5" count="6" type="stmt"/>
      <line num="6" count="6" type="stmt"/>
      <line num="11" count="1" type="stmt"/>
      <line num="19" count="1" type="stmt"/>
      <line num="27" count="1" type="stmt"/>
      <line num="36" count="1" type="stmt"/>
      <line num="41" count="1" type="stmt"/>
      <line num="42" count="1" type="stmt"/>
    </file>
    <file name="todoList.js" path="/Users/yagnesh/Documents/projects/ratik_react_training/src/todoList.js">
      <metrics statements="9" coveredstatements="9" conditionals="2" coveredconditionals="2" methods="5" coveredmethods="5"/>
      <line num="4" count="1" type="stmt"/>
      <line num="9" count="6" type="stmt"/>
      <line num="10" count="6" type="stmt"/>
      <line num="13" count="9" type="stmt"/>
      <line num="17" count="3" type="stmt"/>
      <line num="30" count="3" type="stmt"/>
      <line num="40" count="1" type="stmt"/>
      <line num="47" count="1" type="stmt"/>
      <line num="48" count="1" type="stmt"/>
    </file>
  </project>
</coverage>
