{"/Users/yagnesh/Documents/projects/ratik_react_training/src/todoList.js": {"path":"/Users/yagnesh/Documents/projects/ratik_react_training/src/todoList.js","statementMap":{"0":{"start":{"line":4,"column":17},"end":{"line":38,"column":1}},"1":{"start":{"line":9,"column":2},"end":{"line":9,"column":33}},"2":{"start":{"line":10,"column":2},"end":{"line":37,"column":4}},"3":{"start":{"line":13,"column":8},"end":{"line":34,"column":14}},"4":{"start":{"line":17,"column":28},"end":{"line":17,"column":46}},"5":{"start":{"line":30,"column":27},"end":{"line":30,"column":43}},"6":{"start":{"line":40,"column":0},"end":{"line":44,"column":2}},"7":{"start":{"line":47,"column":2},"end":{"line":47,"column":23}},"8":{"start":{"line":48,"column":2},"end":{"line":48,"column":15}}},"fnMap":{"0":{"name":"(anonymous_0)","decl":{"start":{"line":4,"column":17},"end":{"line":4,"column":18}},"loc":{"start":{"line":8,"column":6},"end":{"line":38,"column":1}},"line":8},"1":{"name":"(anonymous_1)","decl":{"start":{"line":12,"column":20},"end":{"line":12,"column":21}},"loc":{"start":{"line":13,"column":8},"end":{"line":34,"column":14}},"line":13},"2":{"name":"(anonymous_2)","decl":{"start":{"line":17,"column":22},"end":{"line":17,"column":23}},"loc":{"start":{"line":17,"column":28},"end":{"line":17,"column":46}},"line":17},"3":{"name":"(anonymous_3)","decl":{"start":{"line":30,"column":21},"end":{"line":30,"column":22}},"loc":{"start":{"line":30,"column":27},"end":{"line":30,"column":43}},"line":30},"4":{"name":"(anonymous_4)","decl":{"start":{"line":46,"column":30},"end":{"line":46,"column":31}},"loc":{"start":{"line":46,"column":36},"end":{"line":49,"column":1}},"line":46}},"branchMap":{"0":{"loc":{"start":{"line":21,"column":30},"end":{"line":23,"column":24}},"type":"cond-expr","locations":[{"start":{"line":22,"column":18},"end":{"line":22,"column":32}},{"start":{"line":23,"column":18},"end":{"line":23,"column":24}}],"line":21}},"s":{"0":1,"1":6,"2":6,"3":9,"4":3,"5":3,"6":1,"7":1,"8":1},"f":{"0":6,"1":9,"2":3,"3":3,"4":1},"b":{"0":[3,6]},"_coverageSchema":"1a1c01bbd47fc00a2c39e90264f33305004495a9","hash":"166c16c4bc17f92daf925f297176a8c01afe88b6"}
}
