TN:
SF:src/todoFilter.js
FN:4,(anonymous_0)
FN:10,(anonymous_1)
FN:18,(anonymous_2)
FN:26,(anonymous_3)
FN:40,(anonymous_4)
FNF:5
FNH:5
FNDA:6,(anonymous_0)
FNDA:1,(anonymous_1)
FNDA:1,(anonymous_2)
FNDA:1,(anonymous_3)
FNDA:1,(anonymous_4)
DA:4,1
DA:5,6
DA:6,6
DA:11,1
DA:19,1
DA:27,1
DA:36,1
DA:41,1
DA:42,1
LF:9
LH:9
BRF:0
BRH:0
end_of_record
TN:
SF:src/todoList.js
FN:4,(anonymous_0)
FN:12,(anonymous_1)
FN:17,(anonymous_2)
FN:30,(anonymous_3)
FN:46,(anonymous_4)
FNF:5
FNH:5
FNDA:6,(anonymous_0)
FNDA:9,(anonymous_1)
FNDA:3,(anonymous_2)
FNDA:3,(anonymous_3)
FNDA:1,(anonymous_4)
DA:4,1
DA:9,6
DA:10,6
DA:13,9
DA:17,3
DA:30,3
DA:40,1
DA:47,1
DA:48,1
LF:9
LH:9
BRDA:21,0,0,3
BRDA:21,0,1,6
BRF:2
BRH:2
end_of_record
