TN:
SF:src/App.js
FN:19,(anonymous_0)
FN:25,(anonymous_1)
FN:43,(anonymous_2)
FN:55,(anonymous_3)
FN:65,(anonymous_4)
FN:82,(anonymous_5)
FN:87,(anonymous_6)
FN:102,(anonymous_7)
FN:120,(anonymous_8)
FN:123,(anonymous_9)
FNF:10
FNH:4
FNDA:13,(anonymous_0)
FNDA:0,(anonymous_1)
FNDA:3,(anonymous_2)
FNDA:0,(anonymous_3)
FNDA:0,(anonymous_4)
FNDA:0,(anonymous_5)
FNDA:0,(anonymous_6)
FNDA:0,(anonymous_7)
FNDA:3,(anonymous_8)
FNDA:3,(anonymous_9)
DA:19,1
DA:20,13
DA:21,12
DA:22,12
DA:23,12
DA:25,12
DA:26,0
DA:27,0
DA:28,0
DA:29,0
DA:30,0
DA:34,0
DA:35,0
DA:36,0
DA:38,0
DA:39,0
DA:43,12
DA:44,3
DA:45,3
DA:46,3
DA:47,1
DA:48,1
DA:50,2
DA:51,2
DA:55,12
DA:56,0
DA:57,0
DA:59,0
DA:64,0
DA:65,0
DA:68,0
DA:74,0
DA:75,0
DA:77,0
DA:78,0
DA:82,12
DA:83,0
DA:84,0
DA:85,0
DA:86,0
DA:87,0
DA:89,0
DA:94,0
DA:95,0
DA:97,0
DA:98,0
DA:102,12
DA:103,0
DA:104,0
DA:105,0
DA:106,0
DA:107,0
DA:109,0
DA:112,0
DA:113,0
DA:115,0
DA:116,0
DA:120,12
DA:121,3
DA:123,3
DA:126,12
DA:127,4
DA:130,8
DA:131,2
DA:132,0
DA:140,2
DA:145,6
LF:67
LH:26
BRDA:106,0,0,0
BRDA:106,0,1,0
BRDA:126,1,0,4
BRDA:126,1,1,8
BRDA:130,2,0,2
BRDA:130,2,1,6
BRDA:131,3,0,0
BRDA:131,3,1,2
BRF:8
BRH:5
end_of_record
TN:
SF:src/todoFilter.js
FN:4,(anonymous_0)
FN:10,(anonymous_1)
FN:18,(anonymous_2)
FN:26,(anonymous_3)
FN:40,(anonymous_4)
FNF:5
FNH:5
FNDA:12,(anonymous_0)
FNDA:1,(anonymous_1)
FNDA:1,(anonymous_2)
FNDA:1,(anonymous_3)
FNDA:1,(anonymous_4)
DA:4,2
DA:5,12
DA:6,12
DA:11,1
DA:19,1
DA:27,1
DA:36,2
DA:41,1
DA:42,1
LF:9
LH:9
BRF:0
BRH:0
end_of_record
TN:
SF:src/todoForm.js
FN:4,(anonymous_0)
FN:20,(anonymous_1)
FNF:2
FNH:1
FNDA:6,(anonymous_0)
FNDA:0,(anonymous_1)
DA:4,1
DA:5,6
DA:6,6
DA:14,1
DA:18,1
DA:21,0
DA:22,0
LF:7
LH:5
BRF:0
BRH:0
end_of_record
TN:
SF:src/todoList.js
FN:4,(anonymous_0)
FN:12,(anonymous_1)
FN:17,(anonymous_2)
FN:30,(anonymous_3)
FN:46,(anonymous_4)
FNF:5
FNH:5
FNDA:12,(anonymous_0)
FNDA:12,(anonymous_1)
FNDA:3,(anonymous_2)
FNDA:3,(anonymous_3)
FNDA:1,(anonymous_4)
DA:4,2
DA:9,12
DA:10,12
DA:13,12
DA:17,3
DA:30,3
DA:40,2
DA:47,1
DA:48,1
LF:9
LH:9
BRDA:21,0,0,4
BRDA:21,0,1,8
BRF:2
BRH:2
end_of_record
TN:
SF:src/utils/axios.js
FNF:0
FNH:0
DA:3,1
LF:1
LH:1
BRF:0
BRH:0
end_of_record
